2025-05-15 23:48:53,734 - root - WARNING - No GPU available. Using CPU.
2025-05-15 23:48:53,735 - root - INFO - Downloading GenBank files
2025-05-15 23:48:53,736 - data.downloader - INFO - Downloading batch 1/11 (10 accessions)
2025-05-15 23:48:53,736 - data.downloader - INFO - Fetching records: X57436, X80536, X14672, X65633, X63128, X66503, Z11162, Y00106, X52473, V01511
2025-05-15 23:48:56,473 - data.downloader - INFO - Saved X57436.1 to output/data/raw/X57436.1.gb
2025-05-15 23:48:56,475 - data.downloader - INFO - Saved X80536.1 to output/data/raw/X80536.1.gb
2025-05-15 23:48:56,475 - data.downloader - INFO - Saved X14672.1 to output/data/raw/X14672.1.gb
2025-05-15 23:48:56,476 - data.downloader - INFO - Saved X65633.1 to output/data/raw/X65633.1.gb
2025-05-15 23:48:56,477 - data.downloader - INFO - Saved X63128.1 to output/data/raw/X63128.1.gb
2025-05-15 23:48:56,478 - data.downloader - INFO - Saved X66503.1 to output/data/raw/X66503.1.gb
2025-05-15 23:48:56,481 - data.downloader - INFO - Saved Z11162.1 to output/data/raw/Z11162.1.gb
2025-05-15 23:48:56,483 - data.downloader - INFO - Saved Y00106.1 to output/data/raw/Y00106.1.gb
2025-05-15 23:48:56,487 - data.downloader - INFO - Saved X52473.1 to output/data/raw/X52473.1.gb
2025-05-15 23:48:56,489 - data.downloader - INFO - Saved V01511.1 to output/data/raw/V01511.1.gb
2025-05-15 23:48:57,492 - data.downloader - INFO - Downloading batch 2/11 (10 accessions)
2025-05-15 23:48:57,492 - data.downloader - INFO - Fetching records: X68790, X65784, X55039, Z25587, X70251, X60542, X60382, X55545, X55760, X62421
2025-05-15 23:48:59,421 - data.downloader - INFO - Saved X68790.1 to output/data/raw/X68790.1.gb
2025-05-15 23:48:59,422 - data.downloader - INFO - Saved X65784.1 to output/data/raw/X65784.1.gb
2025-05-15 23:48:59,424 - data.downloader - INFO - Saved X55039.1 to output/data/raw/X55039.1.gb
2025-05-15 23:48:59,425 - data.downloader - INFO - Saved Z25587.1 to output/data/raw/Z25587.1.gb
2025-05-15 23:48:59,426 - data.downloader - INFO - Saved X70251.1 to output/data/raw/X70251.1.gb
2025-05-15 23:48:59,428 - data.downloader - INFO - Saved X60542.1 to output/data/raw/X60542.1.gb
2025-05-15 23:48:59,437 - data.downloader - INFO - Saved X60382.1 to output/data/raw/X60382.1.gb
2025-05-15 23:48:59,441 - data.downloader - INFO - Saved X55545.1 to output/data/raw/X55545.1.gb
2025-05-15 23:48:59,443 - data.downloader - INFO - Saved X55760.1 to output/data/raw/X55760.1.gb
2025-05-15 23:48:59,444 - data.downloader - INFO - Saved X62421.1 to output/data/raw/X62421.1.gb
2025-05-15 23:49:00,451 - data.downloader - INFO - Downloading batch 3/11 (10 accessions)
2025-05-15 23:49:00,451 - data.downloader - INFO - Fetching records: X68302, X12794, X16545, X55741, X80915, X66310, Z23091, X57130, X57127, X60481
2025-05-15 23:49:02,161 - data.downloader - INFO - Saved X68302.1 to output/data/raw/X68302.1.gb
2025-05-15 23:49:02,163 - data.downloader - INFO - Saved X12794.1 to output/data/raw/X12794.1.gb
2025-05-15 23:49:02,164 - data.downloader - INFO - Saved X16545.1 to output/data/raw/X16545.1.gb
2025-05-15 23:49:02,165 - data.downloader - INFO - Saved X55741.1 to output/data/raw/X55741.1.gb
2025-05-15 23:49:02,166 - data.downloader - INFO - Saved X80915.1 to output/data/raw/X80915.1.gb
2025-05-15 23:49:02,168 - data.downloader - INFO - Saved X66310.1 to output/data/raw/X66310.1.gb
2025-05-15 23:49:02,171 - data.downloader - INFO - Saved Z23091.1 to output/data/raw/Z23091.1.gb
2025-05-15 23:49:02,173 - data.downloader - INFO - Saved X57130.1 to output/data/raw/X57130.1.gb
2025-05-15 23:49:02,178 - data.downloader - INFO - Saved X57127.1 to output/data/raw/X57127.1.gb
2025-05-15 23:49:02,179 - data.downloader - INFO - Saved X60481.1 to output/data/raw/X60481.1.gb
2025-05-15 23:49:03,180 - data.downloader - INFO - Downloading batch 4/11 (10 accessions)
2025-05-15 23:49:03,181 - data.downloader - INFO - Fetching records: X65858, X63337, X64994, X64995, X03473, X76786, X00089, X15265, V00532, X55293
2025-05-15 23:49:05,164 - data.downloader - INFO - Saved X65858.1 to output/data/raw/X65858.1.gb
2025-05-15 23:49:05,165 - data.downloader - INFO - Saved X63337.1 to output/data/raw/X63337.1.gb
2025-05-15 23:49:05,168 - data.downloader - INFO - Saved X64994.1 to output/data/raw/X64994.1.gb
2025-05-15 23:49:05,169 - data.downloader - INFO - Saved X64995.1 to output/data/raw/X64995.1.gb
2025-05-15 23:49:05,171 - data.downloader - INFO - Saved X03473.1 to output/data/raw/X03473.1.gb
2025-05-15 23:49:05,180 - data.downloader - INFO - Saved X76786.1 to output/data/raw/X76786.1.gb
2025-05-15 23:49:05,184 - data.downloader - INFO - Saved X00089.1 to output/data/raw/X00089.1.gb
2025-05-15 23:49:05,185 - data.downloader - INFO - Saved X15265.1 to output/data/raw/X15265.1.gb
2025-05-15 23:49:05,186 - data.downloader - INFO - Saved V00532.1 to output/data/raw/V00532.1.gb
2025-05-15 23:49:05,188 - data.downloader - INFO - Saved X55293.1 to output/data/raw/X55293.1.gb
2025-05-15 23:49:06,190 - data.downloader - INFO - Downloading batch 5/11 (10 accessions)
2025-05-15 23:49:06,191 - data.downloader - INFO - Fetching records: X52560, X60201, Z11901, X12458, X73424, V00571, X05246, X13556, X83416, X79235
2025-05-15 23:49:08,091 - data.downloader - INFO - Saved X52560.1 to output/data/raw/X52560.1.gb
2025-05-15 23:49:08,093 - data.downloader - INFO - Saved X60201.1 to output/data/raw/X60201.1.gb
2025-05-15 23:49:08,094 - data.downloader - INFO - Saved Z11901.1 to output/data/raw/Z11901.1.gb
2025-05-15 23:49:08,096 - data.downloader - INFO - Saved X12458.1 to output/data/raw/X12458.1.gb
2025-05-15 23:49:08,106 - data.downloader - INFO - Saved X73424.1 to output/data/raw/X73424.1.gb
2025-05-15 23:49:08,118 - data.downloader - INFO - Saved V00571.1 to output/data/raw/V00571.1.gb
2025-05-15 23:49:08,120 - data.downloader - INFO - Saved X05246.1 to output/data/raw/X05246.1.gb
2025-05-15 23:49:08,122 - data.downloader - INFO - Saved X13556.1 to output/data/raw/X13556.1.gb
2025-05-15 23:49:08,123 - data.downloader - INFO - Saved X83416.1 to output/data/raw/X83416.1.gb
2025-05-15 23:49:08,129 - data.downloader - INFO - Saved X79235.1 to output/data/raw/X79235.1.gb
2025-05-15 23:49:09,134 - data.downloader - INFO - Downloading batch 6/11 (10 accessions)
2025-05-15 23:49:09,135 - data.downloader - INFO - Fetching records: Z27113, X52259, X52075, X71135, X82554, X55543, X73534, X82676, U01212, U03486
2025-05-15 23:49:11,096 - data.downloader - INFO - Saved Z27113.1 to output/data/raw/Z27113.1.gb
2025-05-15 23:49:11,097 - data.downloader - INFO - Saved X52259.1 to output/data/raw/X52259.1.gb
2025-05-15 23:49:11,099 - data.downloader - INFO - Saved X52075.1 to output/data/raw/X52075.1.gb
2025-05-15 23:49:11,100 - data.downloader - INFO - Saved X71135.1 to output/data/raw/X71135.1.gb
2025-05-15 23:49:11,101 - data.downloader - INFO - Saved X82554.1 to output/data/raw/X82554.1.gb
2025-05-15 23:49:11,104 - data.downloader - INFO - Saved X55543.1 to output/data/raw/X55543.1.gb
2025-05-15 23:49:11,105 - data.downloader - INFO - Saved X73534.1 to output/data/raw/X73534.1.gb
2025-05-15 23:49:11,111 - data.downloader - INFO - Saved X82676.1 to output/data/raw/X82676.1.gb
2025-05-15 23:49:11,113 - data.downloader - INFO - Saved U01212.1 to output/data/raw/U01212.1.gb
2025-05-15 23:49:11,114 - data.downloader - INFO - Saved U03486.2 to output/data/raw/U03486.2.gb
2025-05-15 23:49:12,117 - data.downloader - INFO - Downloading batch 7/11 (10 accessions)
2025-05-15 23:49:12,118 - data.downloader - INFO - Fetching records: U03735, U10116, U10273, U10360, U10554, U11424, U13666, U13695, U16812, U17894
2025-05-15 23:49:14,018 - data.downloader - INFO - Saved U03735.1 to output/data/raw/U03735.1.gb
2025-05-15 23:49:14,020 - data.downloader - INFO - Saved U10116.1 to output/data/raw/U10116.1.gb
2025-05-15 23:49:14,021 - data.downloader - INFO - Saved U10273.1 to output/data/raw/U10273.1.gb
2025-05-15 23:49:14,022 - data.downloader - INFO - Saved U10360.1 to output/data/raw/U10360.1.gb
2025-05-15 23:49:14,029 - data.downloader - INFO - Saved U10554.1 to output/data/raw/U10554.1.gb
2025-05-15 23:49:14,033 - data.downloader - INFO - Saved U11424.1 to output/data/raw/U11424.1.gb
2025-05-15 23:49:14,035 - data.downloader - INFO - Saved U13666.1 to output/data/raw/U13666.1.gb
2025-05-15 23:49:14,037 - data.downloader - INFO - Saved U13695.1 to output/data/raw/U13695.1.gb
2025-05-15 23:49:14,039 - data.downloader - INFO - Saved U16812.1 to output/data/raw/U16812.1.gb
2025-05-15 23:49:14,041 - data.downloader - INFO - Saved U17894.1 to output/data/raw/U17894.1.gb
2025-05-15 23:49:15,045 - data.downloader - INFO - Downloading batch 8/11 (10 accessions)
2025-05-15 23:49:15,046 - data.downloader - INFO - Fetching records: U18548, U20734, U21051, U22346, L10381, D13538, L19704, M11567, L18972, L37019
2025-05-15 23:49:17,294 - data.downloader - INFO - Saved U18548.1 to output/data/raw/U18548.1.gb
2025-05-15 23:49:17,296 - data.downloader - INFO - Saved U20734.1 to output/data/raw/U20734.1.gb
2025-05-15 23:49:17,297 - data.downloader - INFO - Saved U21051.1 to output/data/raw/U21051.1.gb
2025-05-15 23:49:17,298 - data.downloader - INFO - Saved U22346.1 to output/data/raw/U22346.1.gb
2025-05-15 23:49:17,299 - data.downloader - INFO - Saved L10381.1 to output/data/raw/L10381.1.gb
2025-05-15 23:49:17,304 - data.downloader - INFO - Saved D13538.1 to output/data/raw/D13538.1.gb
2025-05-15 23:49:17,306 - data.downloader - INFO - Saved L19704.1 to output/data/raw/L19704.1.gb
2025-05-15 23:49:17,308 - data.downloader - INFO - Saved M11567.1 to output/data/raw/M11567.1.gb
2025-05-15 23:49:17,309 - data.downloader - INFO - Saved L18972.1 to output/data/raw/L18972.1.gb
2025-05-15 23:49:17,310 - data.downloader - INFO - Saved L37019.1 to output/data/raw/L37019.1.gb
2025-05-15 23:49:18,315 - data.downloader - INFO - Downloading batch 9/11 (10 accessions)
2025-05-15 23:49:18,316 - data.downloader - INFO - Fetching records: M35160, M27394, M90355, M90356, M92269, M31423, J00119, L15296, M28170, M14333
2025-05-15 23:49:20,313 - data.downloader - INFO - Saved M35160.1 to output/data/raw/M35160.1.gb
2025-05-15 23:49:20,313 - data.downloader - INFO - Saved M27394.1 to output/data/raw/M27394.1.gb
2025-05-15 23:49:20,314 - data.downloader - INFO - Saved M90355.2 to output/data/raw/M90355.2.gb
2025-05-15 23:49:20,315 - data.downloader - INFO - Saved M90356.2 to output/data/raw/M90356.2.gb
2025-05-15 23:49:20,317 - data.downloader - INFO - Saved M92269.1 to output/data/raw/M92269.1.gb
2025-05-15 23:49:20,321 - data.downloader - INFO - Saved M31423.1 to output/data/raw/M31423.1.gb
2025-05-15 23:49:20,323 - data.downloader - INFO - Saved J00119.1 to output/data/raw/J00119.1.gb
2025-05-15 23:49:20,324 - data.downloader - INFO - Saved L15296.1 to output/data/raw/L15296.1.gb
2025-05-15 23:49:20,325 - data.downloader - INFO - Saved M28170.1 to output/data/raw/M28170.1.gb
2025-05-15 23:49:20,327 - data.downloader - INFO - Saved M14333.1 to output/data/raw/M14333.1.gb
2025-05-15 23:49:21,332 - data.downloader - INFO - Downloading batch 10/11 (10 accessions)
2025-05-15 23:49:21,334 - data.downloader - INFO - Fetching records: L35240, M60119, M90439, M55267, M60830, L10820, D16826, M69199, J04152, M86522
2025-05-15 23:49:22,838 - data.downloader - INFO - Saved L35240.1 to output/data/raw/L35240.1.gb
2025-05-15 23:49:22,840 - data.downloader - INFO - Saved M60119.1 to output/data/raw/M60119.1.gb
2025-05-15 23:49:22,841 - data.downloader - INFO - Saved M90439.1 to output/data/raw/M90439.1.gb
2025-05-15 23:49:22,842 - data.downloader - INFO - Saved M55267.1 to output/data/raw/M55267.1.gb
2025-05-15 23:49:22,843 - data.downloader - INFO - Saved M60830.1 to output/data/raw/M60830.1.gb
2025-05-15 23:49:22,848 - data.downloader - INFO - Saved L10820.1 to output/data/raw/L10820.1.gb
2025-05-15 23:49:22,849 - data.downloader - INFO - Saved D16826.1 to output/data/raw/D16826.1.gb
2025-05-15 23:49:22,851 - data.downloader - INFO - Saved M69199.1 to output/data/raw/M69199.1.gb
2025-05-15 23:49:22,852 - data.downloader - INFO - Saved J04152.1 to output/data/raw/J04152.1.gb
2025-05-15 23:49:22,859 - data.downloader - INFO - Saved M86522.1 to output/data/raw/M86522.1.gb
2025-05-15 23:49:23,864 - data.downloader - INFO - Downloading batch 11/11 (10 accessions)
2025-05-15 23:49:23,864 - data.downloader - INFO - Fetching records: M16514, M22403, M80478, L36149, M60094, M97508, M64799, D29685, M22005, M26685
2025-05-15 23:49:25,558 - data.downloader - INFO - Saved M16514.1 to output/data/raw/M16514.1.gb
2025-05-15 23:49:25,560 - data.downloader - INFO - Saved M22403.1 to output/data/raw/M22403.1.gb
2025-05-15 23:49:25,561 - data.downloader - INFO - Saved M80478.1 to output/data/raw/M80478.1.gb
2025-05-15 23:49:25,562 - data.downloader - INFO - Saved L36149.1 to output/data/raw/L36149.1.gb
2025-05-15 23:49:25,563 - data.downloader - INFO - Saved M60094.1 to output/data/raw/M60094.1.gb
2025-05-15 23:49:25,566 - data.downloader - INFO - Saved M97508.1 to output/data/raw/M97508.1.gb
2025-05-15 23:49:25,568 - data.downloader - INFO - Saved M64799.1 to output/data/raw/M64799.1.gb
2025-05-15 23:49:25,569 - data.downloader - INFO - Saved D29685.1 to output/data/raw/D29685.1.gb
2025-05-15 23:49:25,570 - data.downloader - INFO - Saved M22005.1 to output/data/raw/M22005.1.gb
2025-05-15 23:49:25,571 - data.downloader - INFO - Saved M26685.1 to output/data/raw/M26685.1.gb
2025-05-15 23:49:26,574 - root - INFO - Downloaded 110 GenBank files
2025-05-15 23:49:26,574 - root - INFO - Extracting sequences from GenBank files
2025-05-15 23:49:26,579 - data.extractor - INFO - Extracted 72 sequences from output/data/raw/X57436.1.gb
2025-05-15 23:49:26,582 - data.extractor - INFO - Extracted 33 sequences from output/data/raw/X80536.1.gb
2025-05-15 23:49:26,584 - data.extractor - INFO - Extracted 36 sequences from output/data/raw/X14672.1.gb
2025-05-15 23:49:26,586 - data.extractor - INFO - Extracted 36 sequences from output/data/raw/X65633.1.gb
2025-05-15 23:49:26,589 - data.extractor - INFO - Extracted 30 sequences from output/data/raw/X63128.1.gb
2025-05-15 23:49:26,595 - data.extractor - INFO - Extracted 37 sequences from output/data/raw/X66503.1.gb
2025-05-15 23:49:26,598 - data.extractor - INFO - Extracted 51 sequences from output/data/raw/Z11162.1.gb
2025-05-15 23:49:26,600 - data.extractor - INFO - Extracted 45 sequences from output/data/raw/Y00106.1.gb
2025-05-15 23:49:26,602 - data.extractor - INFO - Extracted 25 sequences from output/data/raw/X52473.1.gb
2025-05-15 23:49:26,617 - data.extractor - INFO - Extracted 230 sequences from output/data/raw/V01511.1.gb
2025-05-15 23:49:26,618 - data.extractor - INFO - Extracted 15 sequences from output/data/raw/X68790.1.gb
2025-05-15 23:49:26,621 - data.extractor - INFO - Extracted 8 sequences from output/data/raw/X65784.1.gb
2025-05-15 23:49:26,625 - data.extractor - INFO - Extracted 73 sequences from output/data/raw/X55039.1.gb
2025-05-15 23:49:26,627 - data.extractor - INFO - Extracted 60 sequences from output/data/raw/Z25587.1.gb
2025-05-15 23:49:26,632 - data.extractor - INFO - Extracted 24 sequences from output/data/raw/X70251.1.gb
2025-05-15 23:49:26,633 - data.extractor - INFO - Extracted 13 sequences from output/data/raw/X60542.1.gb
2025-05-15 23:49:26,635 - data.extractor - INFO - Extracted 63 sequences from output/data/raw/X60382.1.gb
2025-05-15 23:49:26,637 - data.extractor - INFO - Extracted 24 sequences from output/data/raw/X55545.1.gb
2025-05-15 23:49:26,643 - data.extractor - INFO - Extracted 65 sequences from output/data/raw/X55760.1.gb
2025-05-15 23:49:26,645 - data.extractor - INFO - Extracted 29 sequences from output/data/raw/X62421.1.gb
2025-05-15 23:49:26,648 - data.extractor - INFO - Extracted 60 sequences from output/data/raw/X68302.1.gb
2025-05-15 23:49:26,655 - data.extractor - INFO - Extracted 46 sequences from output/data/raw/X12794.1.gb
2025-05-15 23:49:26,658 - data.extractor - INFO - Extracted 28 sequences from output/data/raw/X16545.1.gb
2025-05-15 23:49:26,659 - data.extractor - INFO - Extracted 10 sequences from output/data/raw/X55741.1.gb
2025-05-15 23:49:26,662 - data.extractor - INFO - Extracted 53 sequences from output/data/raw/X80915.1.gb
2025-05-15 23:49:26,666 - data.extractor - INFO - Extracted 64 sequences from output/data/raw/X66310.1.gb
2025-05-15 23:49:26,673 - data.extractor - INFO - Extracted 148 sequences from output/data/raw/Z23091.1.gb
2025-05-15 23:49:26,674 - data.extractor - INFO - Extracted 19 sequences from output/data/raw/X57130.1.gb
2025-05-15 23:49:26,675 - data.extractor - INFO - Extracted 16 sequences from output/data/raw/X57127.1.gb
2025-05-15 23:49:26,677 - data.extractor - INFO - Extracted 12 sequences from output/data/raw/X60481.1.gb
2025-05-15 23:49:26,682 - data.extractor - INFO - Extracted 43 sequences from output/data/raw/X65858.1.gb
2025-05-15 23:49:26,683 - data.extractor - INFO - Extracted 23 sequences from output/data/raw/X63337.1.gb
2025-05-15 23:49:26,685 - data.extractor - INFO - Extracted 36 sequences from output/data/raw/X64994.1.gb
2025-05-15 23:49:26,690 - data.extractor - INFO - Extracted 27 sequences from output/data/raw/X64995.1.gb
2025-05-15 23:49:26,691 - data.extractor - INFO - Extracted 49 sequences from output/data/raw/X03473.1.gb
2025-05-15 23:49:26,693 - data.extractor - INFO - Extracted 28 sequences from output/data/raw/X76786.1.gb
2025-05-15 23:49:26,694 - data.extractor - INFO - Extracted 16 sequences from output/data/raw/X00089.1.gb
2025-05-15 23:49:26,699 - data.extractor - INFO - Extracted 33 sequences from output/data/raw/X15265.1.gb
2025-05-15 23:49:26,701 - data.extractor - INFO - Extracted 36 sequences from output/data/raw/V00532.1.gb
2025-05-15 23:49:26,706 - data.extractor - INFO - Extracted 19 sequences from output/data/raw/X55293.1.gb
2025-05-15 23:49:26,708 - data.extractor - INFO - Extracted 37 sequences from output/data/raw/X52560.1.gb
2025-05-15 23:49:26,709 - data.extractor - INFO - Extracted 26 sequences from output/data/raw/X60201.1.gb
2025-05-15 23:49:26,711 - data.extractor - INFO - Extracted 38 sequences from output/data/raw/Z11901.1.gb
2025-05-15 23:49:26,716 - data.extractor - INFO - Extracted 86 sequences from output/data/raw/X12458.1.gb
2025-05-15 23:49:26,718 - data.extractor - INFO - Extracted 35 sequences from output/data/raw/X73424.1.gb
2025-05-15 23:49:26,723 - data.extractor - INFO - Extracted 52 sequences from output/data/raw/V00571.1.gb
2025-05-15 23:49:26,725 - data.extractor - INFO - Extracted 37 sequences from output/data/raw/X05246.1.gb
2025-05-15 23:49:26,726 - data.extractor - INFO - Extracted 30 sequences from output/data/raw/X13556.1.gb
2025-05-15 23:49:26,728 - data.extractor - INFO - Extracted 45 sequences from output/data/raw/X83416.1.gb
2025-05-15 23:49:26,732 - data.extractor - INFO - Extracted 8 sequences from output/data/raw/X79235.1.gb
2025-05-15 23:49:26,733 - data.extractor - INFO - Extracted 9 sequences from output/data/raw/Z27113.1.gb
2025-05-15 23:49:26,734 - data.extractor - INFO - Extracted 9 sequences from output/data/raw/X52259.1.gb
2025-05-15 23:49:26,740 - data.extractor - INFO - Extracted 129 sequences from output/data/raw/X52075.1.gb
2025-05-15 23:49:26,742 - data.extractor - INFO - Extracted 49 sequences from output/data/raw/X71135.1.gb
2025-05-15 23:49:26,744 - data.extractor - INFO - Extracted 29 sequences from output/data/raw/X82554.1.gb
2025-05-15 23:49:26,748 - data.extractor - INFO - Extracted 35 sequences from output/data/raw/X55543.1.gb
2025-05-15 23:49:26,750 - data.extractor - INFO - Extracted 71 sequences from output/data/raw/X73534.1.gb
2025-05-15 23:49:26,757 - data.extractor - INFO - Extracted 77 sequences from output/data/raw/X82676.1.gb
2025-05-15 23:49:26,762 - data.extractor - INFO - Extracted 73 sequences from output/data/raw/U01212.1.gb
2025-05-15 23:49:26,766 - data.extractor - INFO - Extracted 24 sequences from output/data/raw/U03486.2.gb
2025-05-15 23:49:26,773 - data.extractor - INFO - Extracted 83 sequences from output/data/raw/U03735.1.gb
2025-05-15 23:49:26,782 - data.extractor - INFO - Extracted 200 sequences from output/data/raw/U10116.1.gb
2025-05-15 23:49:26,785 - data.extractor - INFO - Extracted 48 sequences from output/data/raw/U10273.1.gb
2025-05-15 23:49:26,790 - data.extractor - INFO - Extracted 14 sequences from output/data/raw/U10360.1.gb
2025-05-15 23:49:26,799 - data.extractor - INFO - Extracted 147 sequences from output/data/raw/U10554.1.gb
2025-05-15 23:49:26,802 - data.extractor - INFO - Extracted 37 sequences from output/data/raw/U11424.1.gb
2025-05-15 23:49:26,807 - data.extractor - INFO - Extracted 27 sequences from output/data/raw/U13666.1.gb
2025-05-15 23:49:26,811 - data.extractor - INFO - Extracted 60 sequences from output/data/raw/U13695.1.gb
2025-05-15 23:49:26,818 - data.extractor - INFO - Extracted 128 sequences from output/data/raw/U16812.1.gb
2025-05-15 23:49:26,823 - data.extractor - INFO - Extracted 41 sequences from output/data/raw/U17894.1.gb
2025-05-15 23:49:26,826 - data.extractor - INFO - Extracted 23 sequences from output/data/raw/U18548.1.gb
2025-05-15 23:49:26,835 - data.extractor - INFO - Extracted 171 sequences from output/data/raw/U20734.1.gb
2025-05-15 23:49:26,841 - data.extractor - INFO - Extracted 57 sequences from output/data/raw/U21051.1.gb
2025-05-15 23:49:26,845 - data.extractor - INFO - Extracted 82 sequences from output/data/raw/U22346.1.gb
2025-05-15 23:49:26,850 - data.extractor - INFO - Extracted 57 sequences from output/data/raw/L10381.1.gb
2025-05-15 23:49:26,853 - data.extractor - INFO - Extracted 26 sequences from output/data/raw/D13538.1.gb
2025-05-15 23:49:26,859 - data.extractor - INFO - Extracted 49 sequences from output/data/raw/L19704.1.gb
2025-05-15 23:49:26,866 - data.extractor - INFO - Extracted 92 sequences from output/data/raw/M11567.1.gb
2025-05-15 23:49:26,869 - data.extractor - INFO - Extracted 54 sequences from output/data/raw/L18972.1.gb
2025-05-15 23:49:26,875 - data.extractor - INFO - Extracted 10 sequences from output/data/raw/L37019.1.gb
2025-05-15 23:49:26,877 - data.extractor - INFO - Extracted 33 sequences from output/data/raw/M35160.1.gb
2025-05-15 23:49:26,882 - data.extractor - INFO - Extracted 21 sequences from output/data/raw/M27394.1.gb
2025-05-15 23:49:26,884 - data.extractor - INFO - Extracted 10 sequences from output/data/raw/M90355.2.gb
2025-05-15 23:49:26,886 - data.extractor - INFO - Extracted 13 sequences from output/data/raw/M90356.2.gb
2025-05-15 23:49:26,899 - data.extractor - INFO - Extracted 140 sequences from output/data/raw/M92269.1.gb
2025-05-15 23:49:26,902 - data.extractor - INFO - Extracted 47 sequences from output/data/raw/M31423.1.gb
2025-05-15 23:49:26,907 - data.extractor - INFO - Extracted 25 sequences from output/data/raw/J00119.1.gb
2025-05-15 23:49:26,911 - data.extractor - INFO - Extracted 67 sequences from output/data/raw/L15296.1.gb
2025-05-15 23:49:26,916 - data.extractor - INFO - Extracted 40 sequences from output/data/raw/M28170.1.gb
2025-05-15 23:49:26,917 - data.extractor - INFO - Extracted 51 sequences from output/data/raw/M14333.1.gb
2025-05-15 23:49:26,919 - data.extractor - INFO - Extracted 33 sequences from output/data/raw/L35240.1.gb
2025-05-15 23:49:26,928 - data.extractor - INFO - Extracted 185 sequences from output/data/raw/M60119.1.gb
2025-05-15 23:49:26,932 - data.extractor - INFO - Extracted 22 sequences from output/data/raw/M90439.1.gb
2025-05-15 23:49:26,934 - data.extractor - INFO - Extracted 34 sequences from output/data/raw/M55267.1.gb
2025-05-15 23:49:26,938 - data.extractor - INFO - Extracted 42 sequences from output/data/raw/M60830.1.gb
2025-05-15 23:49:26,942 - data.extractor - INFO - Extracted 137 sequences from output/data/raw/L10820.1.gb
2025-05-15 23:49:26,943 - data.extractor - INFO - Extracted 25 sequences from output/data/raw/D16826.1.gb
2025-05-15 23:49:26,947 - data.extractor - INFO - Extracted 16 sequences from output/data/raw/M69199.1.gb
2025-05-15 23:49:26,949 - data.extractor - INFO - Extracted 44 sequences from output/data/raw/J04152.1.gb
2025-05-15 23:49:26,950 - data.extractor - INFO - Extracted 34 sequences from output/data/raw/M86522.1.gb
2025-05-15 23:49:26,955 - data.extractor - INFO - Extracted 27 sequences from output/data/raw/M16514.1.gb
2025-05-15 23:49:26,959 - data.extractor - INFO - Extracted 120 sequences from output/data/raw/M22403.1.gb
2025-05-15 23:49:26,965 - data.extractor - INFO - Extracted 63 sequences from output/data/raw/M80478.1.gb
2025-05-15 23:49:26,966 - data.extractor - INFO - Extracted 24 sequences from output/data/raw/L36149.1.gb
2025-05-15 23:49:26,967 - data.extractor - INFO - Extracted 34 sequences from output/data/raw/M60094.1.gb
2025-05-15 23:49:26,969 - data.extractor - INFO - Extracted 42 sequences from output/data/raw/M97508.1.gb
2025-05-15 23:49:26,974 - data.extractor - INFO - Extracted 22 sequences from output/data/raw/M64799.1.gb
2025-05-15 23:49:26,975 - data.extractor - INFO - Extracted 46 sequences from output/data/raw/D29685.1.gb
2025-05-15 23:49:26,976 - data.extractor - INFO - Extracted 7 sequences from output/data/raw/M22005.1.gb
2025-05-15 23:49:26,978 - data.extractor - INFO - Extracted 7 sequences from output/data/raw/M26685.1.gb
2025-05-15 23:49:26,979 - root - INFO - Extracted 5451 sequences with 487 exons and 4964 introns
2025-05-15 23:49:26,981 - root - INFO - Preprocessing data
2025-05-15 23:49:27,235 - data.preprocessor - INFO - Encoded 5451 sequences with shape (5451, 100, 5)
2025-05-15 23:49:27,258 - data.preprocessor - INFO - Applying SMOTE to balance classes. Original class distribution: [3970  390]
2025-05-15 23:49:27,505 - data.preprocessor - INFO - After SMOTE, class distribution: [3970 3970]
2025-05-15 23:49:27,510 - root - INFO - Preprocessed data: 7940 training samples, 1091 test samples
2025-05-15 23:49:27,516 - root - INFO - Exon detection pipeline completed successfully
