2025-05-15 23:53:42,697 - pyswarms.single.global_best - INFO - Optimize for 20 iters with {'c1': 0.5, 'c2': 0.3, 'w': 0.9}
2025-05-15 23:54:41,109 - model.optimizer - INFO - Particle 1/10 evaluated with fitness 0.5000
2025-05-15 23:56:00,210 - model.optimizer - INFO - Particle 2/10 evaluated with fitness 0.9754
2025-05-15 23:57:22,424 - model.optimizer - INFO - Particle 3/10 evaluated with fitness 0.6529
2025-05-15 23:57:59,301 - model.optimizer - INFO - Particle 4/10 evaluated with fitness 0.9851
2025-05-15 23:59:33,791 - pyswarms.single.global_best - INFO - Optimize for 20 iters with {'c1': 0.5, 'c2': 0.3, 'w': 0.9}
2025-05-16 00:00:52,858 - model.optimizer - INFO - Particle 1/10 evaluated with fitness 0.5000
2025-05-16 00:02:34,247 - model.optimizer - INFO - Particle 2/10 evaluated with fitness 0.9754
2025-05-16 00:03:48,988 - model.optimizer - INFO - Particle 3/10 evaluated with fitness 0.5000
2025-05-16 00:04:24,876 - model.optimizer - INFO - Particle 4/10 evaluated with fitness 0.9853
2025-05-16 00:07:30,132 - model.optimizer - INFO - Particle 5/10 evaluated with fitness 0.5000
2025-05-16 00:09:44,564 - model.optimizer - INFO - Particle 6/10 evaluated with fitness 0.5000
2025-05-16 00:10:33,350 - model.optimizer - INFO - Particle 7/10 evaluated with fitness 0.5000
2025-05-16 00:11:21,871 - model.optimizer - INFO - Particle 8/10 evaluated with fitness 0.6412
2025-05-16 00:12:54,350 - model.optimizer - INFO - Particle 9/10 evaluated with fitness 0.5000
2025-05-16 00:13:31,148 - model.optimizer - INFO - Particle 10/10 evaluated with fitness 0.5006
2025-05-16 00:14:46,341 - model.optimizer - INFO - Particle 1/10 evaluated with fitness 0.5000
2025-05-16 00:15:30,370 - model.optimizer - INFO - Particle 2/10 evaluated with fitness 0.9691
2025-05-16 00:16:50,399 - model.optimizer - INFO - Particle 3/10 evaluated with fitness 0.5000
2025-05-16 00:17:12,909 - model.optimizer - INFO - Particle 4/10 evaluated with fitness 0.5000
2025-05-16 00:19:51,621 - model.optimizer - INFO - Particle 5/10 evaluated with fitness 0.5000
2025-05-16 00:21:25,496 - model.optimizer - INFO - Particle 6/10 evaluated with fitness 0.5009
2025-05-16 00:22:13,949 - model.optimizer - INFO - Particle 7/10 evaluated with fitness 0.9653
2025-05-16 00:23:18,137 - model.optimizer - INFO - Particle 8/10 evaluated with fitness 0.6572
2025-05-16 00:23:49,101 - model.optimizer - INFO - Particle 9/10 evaluated with fitness 0.5000
2025-05-16 00:24:42,032 - model.optimizer - INFO - Particle 10/10 evaluated with fitness 0.9829
2025-05-16 00:25:44,185 - model.optimizer - INFO - Particle 1/10 evaluated with fitness 0.5000
2025-05-16 00:26:22,012 - model.optimizer - INFO - Particle 2/10 evaluated with fitness 0.5000
2025-05-16 00:27:37,688 - model.optimizer - INFO - Particle 3/10 evaluated with fitness 0.6486
2025-05-16 00:28:00,427 - model.optimizer - INFO - Particle 4/10 evaluated with fitness 0.5000
2025-05-16 00:29:19,549 - model.optimizer - INFO - Particle 5/10 evaluated with fitness 0.5004
2025-05-16 00:30:08,119 - model.optimizer - INFO - Particle 6/10 evaluated with fitness 0.6518
2025-05-16 00:31:47,054 - model.optimizer - INFO - Particle 7/10 evaluated with fitness 0.8091
2025-05-16 00:32:44,424 - model.optimizer - INFO - Particle 8/10 evaluated with fitness 0.5000
2025-05-16 00:33:40,972 - model.optimizer - INFO - Particle 9/10 evaluated with fitness 0.5000
2025-05-16 00:35:03,819 - model.optimizer - INFO - Particle 10/10 evaluated with fitness 0.9720
2025-05-16 00:35:53,084 - model.optimizer - INFO - Particle 1/10 evaluated with fitness 0.5000
2025-05-16 00:36:43,429 - model.optimizer - INFO - Particle 2/10 evaluated with fitness 0.5001
2025-05-16 00:37:33,718 - model.optimizer - INFO - Particle 3/10 evaluated with fitness 0.5000
2025-05-16 00:37:59,505 - model.optimizer - INFO - Particle 4/10 evaluated with fitness 0.5009
2025-05-16 00:38:45,627 - model.optimizer - INFO - Particle 5/10 evaluated with fitness 0.5000
2025-05-16 00:39:21,758 - model.optimizer - INFO - Particle 6/10 evaluated with fitness 0.5000
2025-05-16 00:40:03,678 - model.optimizer - INFO - Particle 7/10 evaluated with fitness 0.5000
2025-05-16 00:40:41,948 - model.optimizer - INFO - Particle 8/10 evaluated with fitness 0.5000
2025-05-16 00:42:32,443 - model.optimizer - INFO - Particle 9/10 evaluated with fitness 0.5011
2025-05-16 00:44:08,050 - model.optimizer - INFO - Particle 10/10 evaluated with fitness 0.9805
2025-05-16 00:44:50,562 - model.optimizer - INFO - Particle 1/10 evaluated with fitness 0.5000
2025-05-16 00:45:20,742 - model.optimizer - INFO - Particle 2/10 evaluated with fitness 0.6322
2025-05-16 00:45:50,154 - model.optimizer - INFO - Particle 3/10 evaluated with fitness 0.5019
2025-05-16 00:46:20,673 - model.optimizer - INFO - Particle 4/10 evaluated with fitness 0.8078
2025-05-16 00:46:51,810 - model.optimizer - INFO - Particle 5/10 evaluated with fitness 0.4999
2025-05-16 00:47:41,613 - model.optimizer - INFO - Particle 6/10 evaluated with fitness 0.5000
2025-05-16 00:48:12,582 - model.optimizer - INFO - Particle 7/10 evaluated with fitness 0.5000
2025-05-16 00:49:06,558 - model.optimizer - INFO - Particle 8/10 evaluated with fitness 0.5000
2025-05-16 00:49:31,316 - model.optimizer - INFO - Particle 9/10 evaluated with fitness 0.5000
2025-05-16 00:50:29,748 - model.optimizer - INFO - Particle 10/10 evaluated with fitness 0.5000
2025-05-16 00:51:27,262 - model.optimizer - INFO - Particle 1/10 evaluated with fitness 0.9866
2025-05-16 00:52:26,734 - model.optimizer - INFO - Particle 2/10 evaluated with fitness 0.5000
2025-05-16 00:53:44,281 - model.optimizer - INFO - Particle 3/10 evaluated with fitness 0.8031
2025-05-16 00:54:10,454 - model.optimizer - INFO - Particle 4/10 evaluated with fitness 0.5009
2025-05-16 00:54:54,159 - model.optimizer - INFO - Particle 5/10 evaluated with fitness 0.8041
2025-05-16 00:55:31,676 - model.optimizer - INFO - Particle 6/10 evaluated with fitness 0.5000
2025-05-16 00:55:57,205 - model.optimizer - INFO - Particle 7/10 evaluated with fitness 0.5020
2025-05-16 00:56:57,971 - model.optimizer - INFO - Particle 8/10 evaluated with fitness 0.9719
2025-05-16 00:57:51,477 - model.optimizer - INFO - Particle 9/10 evaluated with fitness 0.5000
2025-05-16 00:58:46,701 - model.optimizer - INFO - Particle 10/10 evaluated with fitness 0.5000
2025-05-16 01:00:17,350 - model.optimizer - INFO - Particle 1/10 evaluated with fitness 0.5000
2025-05-16 01:00:53,186 - model.optimizer - INFO - Particle 2/10 evaluated with fitness 0.9797
2025-05-16 01:01:52,452 - model.optimizer - INFO - Particle 3/10 evaluated with fitness 0.7936
2025-05-16 01:02:32,760 - model.optimizer - INFO - Particle 4/10 evaluated with fitness 0.9683
2025-05-16 01:03:05,899 - model.optimizer - INFO - Particle 5/10 evaluated with fitness 0.5003
2025-05-16 01:03:31,285 - model.optimizer - INFO - Particle 6/10 evaluated with fitness 0.5000
2025-05-16 01:04:04,262 - model.optimizer - INFO - Particle 7/10 evaluated with fitness 0.5012
2025-05-16 01:04:58,550 - model.optimizer - INFO - Particle 8/10 evaluated with fitness 0.5000
2025-05-16 01:05:43,308 - model.optimizer - INFO - Particle 9/10 evaluated with fitness 0.9818
2025-05-16 01:06:30,925 - model.optimizer - INFO - Particle 10/10 evaluated with fitness 0.5020
2025-05-16 01:07:44,567 - model.optimizer - INFO - Particle 1/10 evaluated with fitness 0.6481
2025-05-16 01:08:27,947 - model.optimizer - INFO - Particle 2/10 evaluated with fitness 0.5011
2025-05-16 01:09:03,237 - model.optimizer - INFO - Particle 3/10 evaluated with fitness 0.5000
2025-05-16 01:09:31,789 - model.optimizer - INFO - Particle 4/10 evaluated with fitness 0.5005
2025-05-16 01:09:59,814 - model.optimizer - INFO - Particle 5/10 evaluated with fitness 0.5001
2025-05-16 01:11:18,959 - model.optimizer - INFO - Particle 6/10 evaluated with fitness 0.5032
2025-05-16 01:12:43,003 - model.optimizer - INFO - Particle 7/10 evaluated with fitness 0.9814
2025-05-16 01:13:36,558 - model.optimizer - INFO - Particle 8/10 evaluated with fitness 0.5005
2025-05-16 01:14:39,689 - model.optimizer - INFO - Particle 9/10 evaluated with fitness 0.5000
2025-05-16 01:15:27,197 - model.optimizer - INFO - Particle 10/10 evaluated with fitness 0.8011
2025-05-16 01:16:26,976 - model.optimizer - INFO - Particle 1/10 evaluated with fitness 0.6413
2025-05-16 01:17:54,036 - model.optimizer - INFO - Particle 2/10 evaluated with fitness 0.5000
2025-05-16 01:19:01,253 - model.optimizer - INFO - Particle 3/10 evaluated with fitness 0.7997
2025-05-16 01:20:03,158 - model.optimizer - INFO - Particle 4/10 evaluated with fitness 0.9785
2025-05-16 01:20:43,864 - model.optimizer - INFO - Particle 5/10 evaluated with fitness 0.5006
2025-05-16 01:23:04,375 - model.optimizer - INFO - Particle 6/10 evaluated with fitness 0.5012
2025-05-16 01:25:05,191 - model.optimizer - INFO - Particle 7/10 evaluated with fitness 0.5000
2025-05-16 01:26:37,939 - model.optimizer - INFO - Particle 8/10 evaluated with fitness 0.5000
2025-05-16 01:28:10,458 - model.optimizer - INFO - Particle 9/10 evaluated with fitness 0.5023
2025-05-16 01:29:16,037 - model.optimizer - INFO - Particle 10/10 evaluated with fitness 0.8038
2025-05-16 01:30:56,164 - model.optimizer - INFO - Particle 1/10 evaluated with fitness 0.6560
2025-05-16 01:32:29,348 - model.optimizer - INFO - Particle 2/10 evaluated with fitness 0.6587
2025-05-16 01:33:25,476 - model.optimizer - INFO - Particle 3/10 evaluated with fitness 0.5000
2025-05-16 01:34:10,102 - model.optimizer - INFO - Particle 4/10 evaluated with fitness 0.5005
2025-05-16 01:35:09,787 - model.optimizer - INFO - Particle 5/10 evaluated with fitness 0.8097
2025-05-16 01:36:33,208 - model.optimizer - INFO - Particle 6/10 evaluated with fitness 0.9664
2025-05-16 01:37:40,948 - model.optimizer - INFO - Particle 7/10 evaluated with fitness 0.6476
2025-05-16 01:38:33,780 - model.optimizer - INFO - Particle 8/10 evaluated with fitness 0.6532
2025-05-16 01:41:10,443 - model.optimizer - INFO - Particle 9/10 evaluated with fitness 0.9798
2025-05-16 01:42:29,851 - model.optimizer - INFO - Particle 10/10 evaluated with fitness 0.9804
2025-05-16 01:43:22,905 - model.optimizer - INFO - Particle 1/10 evaluated with fitness 0.5000
2025-05-16 01:44:20,634 - model.optimizer - INFO - Particle 2/10 evaluated with fitness 0.5000
2025-05-16 01:45:27,806 - model.optimizer - INFO - Particle 3/10 evaluated with fitness 0.5000
2025-05-16 01:46:11,811 - model.optimizer - INFO - Particle 4/10 evaluated with fitness 0.5020
2025-05-16 01:47:01,572 - model.optimizer - INFO - Particle 5/10 evaluated with fitness 0.5000
2025-05-16 01:48:28,137 - model.optimizer - INFO - Particle 6/10 evaluated with fitness 0.5000
2025-05-16 01:49:36,187 - model.optimizer - INFO - Particle 7/10 evaluated with fitness 0.5000
2025-05-16 01:50:43,897 - model.optimizer - INFO - Particle 8/10 evaluated with fitness 0.5000
2025-05-16 01:52:03,383 - model.optimizer - INFO - Particle 9/10 evaluated with fitness 0.5000
2025-05-16 01:53:00,923 - model.optimizer - INFO - Particle 10/10 evaluated with fitness 0.6478
2025-05-16 01:54:19,688 - model.optimizer - INFO - Particle 1/10 evaluated with fitness 0.5000
2025-05-16 01:55:36,038 - model.optimizer - INFO - Particle 2/10 evaluated with fitness 0.9807
2025-05-16 01:57:15,958 - model.optimizer - INFO - Particle 3/10 evaluated with fitness 0.6497
2025-05-16 01:57:52,920 - model.optimizer - INFO - Particle 4/10 evaluated with fitness 0.5000
2025-05-16 01:58:49,503 - model.optimizer - INFO - Particle 5/10 evaluated with fitness 0.5000
2025-05-16 02:00:04,137 - model.optimizer - INFO - Particle 6/10 evaluated with fitness 0.5814
2025-05-16 02:01:47,222 - model.optimizer - INFO - Particle 7/10 evaluated with fitness 0.4999
2025-05-16 02:02:58,064 - model.optimizer - INFO - Particle 8/10 evaluated with fitness 0.5000
2025-05-16 02:03:39,431 - model.optimizer - INFO - Particle 9/10 evaluated with fitness 0.5000
2025-05-16 02:04:45,093 - model.optimizer - INFO - Particle 10/10 evaluated with fitness 0.5016
2025-05-16 02:06:16,030 - model.optimizer - INFO - Particle 1/10 evaluated with fitness 0.6383
2025-05-16 02:07:40,617 - model.optimizer - INFO - Particle 2/10 evaluated with fitness 0.5000
2025-05-16 02:09:30,225 - model.optimizer - INFO - Particle 3/10 evaluated with fitness 0.5000
2025-05-16 02:10:10,226 - model.optimizer - INFO - Particle 4/10 evaluated with fitness 0.5016
2025-05-16 02:11:08,297 - model.optimizer - INFO - Particle 5/10 evaluated with fitness 0.5000
2025-05-16 02:13:59,503 - model.optimizer - INFO - Particle 6/10 evaluated with fitness 0.9780
2025-05-16 02:15:08,816 - model.optimizer - INFO - Particle 7/10 evaluated with fitness 0.5004
2025-05-16 02:16:25,344 - model.optimizer - INFO - Particle 8/10 evaluated with fitness 0.5000
2025-05-16 02:17:40,674 - model.optimizer - INFO - Particle 9/10 evaluated with fitness 0.5000
2025-05-16 02:19:03,895 - model.optimizer - INFO - Particle 10/10 evaluated with fitness 0.5000
2025-05-16 02:19:46,580 - model.optimizer - INFO - Particle 1/10 evaluated with fitness 0.5000
2025-05-16 02:20:25,120 - model.optimizer - INFO - Particle 2/10 evaluated with fitness 0.5000
2025-05-16 02:21:15,105 - model.optimizer - INFO - Particle 3/10 evaluated with fitness 0.9784
2025-05-16 02:21:58,524 - model.optimizer - INFO - Particle 4/10 evaluated with fitness 0.5011
2025-05-16 02:23:13,169 - model.optimizer - INFO - Particle 5/10 evaluated with fitness 0.6475
2025-05-16 02:24:02,908 - model.optimizer - INFO - Particle 6/10 evaluated with fitness 0.6455
2025-05-16 02:25:34,134 - model.optimizer - INFO - Particle 7/10 evaluated with fitness 0.5023
2025-05-16 02:26:55,754 - model.optimizer - INFO - Particle 8/10 evaluated with fitness 0.5000
2025-05-16 02:28:22,000 - model.optimizer - INFO - Particle 9/10 evaluated with fitness 0.5000
2025-05-16 02:29:44,870 - model.optimizer - INFO - Particle 10/10 evaluated with fitness 0.9880
2025-05-16 02:31:13,683 - model.optimizer - INFO - Particle 1/10 evaluated with fitness 0.5000
2025-05-16 02:32:35,325 - model.optimizer - INFO - Particle 2/10 evaluated with fitness 0.5003
2025-05-16 02:33:29,927 - model.optimizer - INFO - Particle 3/10 evaluated with fitness 0.6498
2025-05-16 02:34:07,930 - model.optimizer - INFO - Particle 4/10 evaluated with fitness 0.5000
2025-05-16 02:35:05,503 - model.optimizer - INFO - Particle 5/10 evaluated with fitness 0.5000
2025-05-16 02:36:35,526 - model.optimizer - INFO - Particle 6/10 evaluated with fitness 0.6522
2025-05-16 02:37:16,792 - model.optimizer - INFO - Particle 7/10 evaluated with fitness 0.5000
2025-05-16 02:38:21,765 - model.optimizer - INFO - Particle 8/10 evaluated with fitness 0.6362
2025-05-16 02:38:49,935 - model.optimizer - INFO - Particle 9/10 evaluated with fitness 0.5004
2025-05-16 02:39:50,087 - model.optimizer - INFO - Particle 10/10 evaluated with fitness 0.6544
2025-05-16 02:41:13,982 - model.optimizer - INFO - Particle 1/10 evaluated with fitness 0.5000
2025-05-16 02:42:14,518 - model.optimizer - INFO - Particle 2/10 evaluated with fitness 0.5012
2025-05-16 02:42:59,085 - model.optimizer - INFO - Particle 3/10 evaluated with fitness 0.5000
2025-05-16 02:43:49,237 - model.optimizer - INFO - Particle 4/10 evaluated with fitness 0.6562
2025-05-16 02:45:02,720 - model.optimizer - INFO - Particle 5/10 evaluated with fitness 0.7917
2025-05-16 02:46:17,041 - model.optimizer - INFO - Particle 6/10 evaluated with fitness 0.5014
2025-05-16 02:47:07,718 - model.optimizer - INFO - Particle 7/10 evaluated with fitness 0.9580
2025-05-16 02:48:08,210 - model.optimizer - INFO - Particle 8/10 evaluated with fitness 0.6366
2025-05-16 02:49:02,826 - model.optimizer - INFO - Particle 9/10 evaluated with fitness 0.9819
2025-05-16 02:49:54,048 - model.optimizer - INFO - Particle 10/10 evaluated with fitness 0.5000
2025-05-16 02:51:11,676 - model.optimizer - INFO - Particle 1/10 evaluated with fitness 0.5000
2025-05-16 02:52:44,252 - model.optimizer - INFO - Particle 2/10 evaluated with fitness 0.5000
2025-05-16 02:53:50,715 - model.optimizer - INFO - Particle 3/10 evaluated with fitness 0.5000
2025-05-16 02:54:34,419 - model.optimizer - INFO - Particle 4/10 evaluated with fitness 0.5009
2025-05-16 02:55:25,066 - model.optimizer - INFO - Particle 5/10 evaluated with fitness 0.5000
2025-05-16 02:56:38,783 - model.optimizer - INFO - Particle 6/10 evaluated with fitness 0.5000
2025-05-16 02:58:09,367 - model.optimizer - INFO - Particle 7/10 evaluated with fitness 0.6540
2025-05-16 02:58:53,806 - model.optimizer - INFO - Particle 8/10 evaluated with fitness 0.5000
2025-05-16 02:59:57,593 - model.optimizer - INFO - Particle 9/10 evaluated with fitness 0.5000
2025-05-16 03:00:52,987 - model.optimizer - INFO - Particle 10/10 evaluated with fitness 0.6495
2025-05-16 03:01:58,394 - model.optimizer - INFO - Particle 1/10 evaluated with fitness 0.6322
2025-05-16 03:03:33,882 - model.optimizer - INFO - Particle 2/10 evaluated with fitness 0.5000
2025-05-16 03:04:18,112 - model.optimizer - INFO - Particle 3/10 evaluated with fitness 0.5005
2025-05-16 03:04:55,757 - model.optimizer - INFO - Particle 4/10 evaluated with fitness 0.5000
2025-05-16 03:05:50,614 - model.optimizer - INFO - Particle 5/10 evaluated with fitness 0.5020
2025-05-16 03:07:44,300 - model.optimizer - INFO - Particle 6/10 evaluated with fitness 0.5000
2025-05-16 03:09:31,626 - model.optimizer - INFO - Particle 7/10 evaluated with fitness 0.5000
2025-05-16 03:10:33,203 - model.optimizer - INFO - Particle 8/10 evaluated with fitness 0.9800
2025-05-16 03:11:43,237 - model.optimizer - INFO - Particle 9/10 evaluated with fitness 0.5000
2025-05-16 03:12:39,648 - model.optimizer - INFO - Particle 10/10 evaluated with fitness 0.6513
2025-05-16 03:13:33,693 - model.optimizer - INFO - Particle 1/10 evaluated with fitness 0.5005
2025-05-16 03:15:06,035 - model.optimizer - INFO - Particle 2/10 evaluated with fitness 0.5000
2025-05-16 03:16:00,829 - model.optimizer - INFO - Particle 3/10 evaluated with fitness 0.5719
2025-05-16 03:16:45,163 - model.optimizer - INFO - Particle 4/10 evaluated with fitness 0.5000
2025-05-16 03:17:48,678 - model.optimizer - INFO - Particle 5/10 evaluated with fitness 0.9618
2025-05-16 03:19:35,131 - model.optimizer - INFO - Particle 6/10 evaluated with fitness 0.4999
2025-05-16 03:20:35,926 - model.optimizer - INFO - Particle 7/10 evaluated with fitness 0.5000
2025-05-16 03:21:36,147 - model.optimizer - INFO - Particle 8/10 evaluated with fitness 0.5000
2025-05-16 03:22:57,625 - model.optimizer - INFO - Particle 9/10 evaluated with fitness 0.5000
2025-05-16 03:24:22,252 - model.optimizer - INFO - Particle 10/10 evaluated with fitness 0.9834
2025-05-16 03:26:21,246 - model.optimizer - INFO - Particle 1/10 evaluated with fitness 0.9805
2025-05-16 03:27:33,800 - model.optimizer - INFO - Particle 2/10 evaluated with fitness 0.4997
2025-05-16 03:28:11,057 - model.optimizer - INFO - Particle 3/10 evaluated with fitness 0.5000
2025-05-16 03:28:49,990 - model.optimizer - INFO - Particle 4/10 evaluated with fitness 0.4997
2025-05-16 03:29:48,354 - model.optimizer - INFO - Particle 5/10 evaluated with fitness 0.9801
2025-05-16 03:31:53,798 - model.optimizer - INFO - Particle 6/10 evaluated with fitness 0.9686
2025-05-16 03:32:47,406 - model.optimizer - INFO - Particle 7/10 evaluated with fitness 0.5012
2025-05-16 03:33:42,861 - model.optimizer - INFO - Particle 8/10 evaluated with fitness 0.5000
2025-05-16 03:34:44,130 - model.optimizer - INFO - Particle 9/10 evaluated with fitness 0.6467
2025-05-16 03:36:09,238 - model.optimizer - INFO - Particle 10/10 evaluated with fitness 0.5000
2025-05-16 03:36:09,242 - pyswarms.single.global_best - INFO - Optimization finished | best cost: -0.9879587292671204, best pos: [1.96737800e+00 7.79936483e+01 6.86241735e+01 2.50018442e+01
 7.27625651e+00 7.81556826e+00 4.83326977e+00 2.67790396e+00
 2.57366698e+00 3.17255854e+00 1.38309236e+02 1.34519898e-01
 2.52831473e-03]
2025-05-16 03:36:09,242 - model.optimizer - INFO - PSO optimization completed. Best AUC: 0.9880
2025-05-16 03:36:09,243 - model.optimizer - INFO - Best parameters: {'n_conv_layers': 1, 'filters': [77], 'kernel_sizes': [7], 'pool_sizes': [2], 'dense_units': [138], 'dropout_rate': 0.13451989771878828, 'learning_rate': 0.0025283147295176445}
2025-05-16 03:36:09,245 - root - INFO - PSO optimization completed. Best AUC: 0.9880
2025-05-16 03:36:09,245 - root - INFO - Best parameters: {'n_conv_layers': 1, 'filters': [77], 'kernel_sizes': [7], 'pool_sizes': [2], 'dense_units': [138], 'dropout_rate': 0.13451989771878828, 'learning_rate': 0.0025283147295176445}
2025-05-16 03:36:09,245 - root - INFO - Training and evaluating model
2025-05-16 03:36:09,246 - training.trainer - INFO - Starting 5-fold cross-validation
2025-05-16 03:36:09,247 - training.trainer - INFO - Training fold 1/5
2025-05-16 03:38:27,524 - training.trainer - INFO - Fold 1 metrics: AUC=0.9926, F1=0.9663
2025-05-16 03:38:27,525 - training.trainer - INFO - Training fold 2/5
2025-05-16 03:39:40,106 - training.trainer - INFO - Fold 2 metrics: AUC=0.9953, F1=0.9741
2025-05-16 03:39:40,108 - training.trainer - INFO - Training fold 3/5
2025-05-16 03:40:51,047 - training.trainer - INFO - Fold 3 metrics: AUC=0.9920, F1=0.9664
2025-05-16 03:40:51,048 - training.trainer - INFO - Training fold 4/5
2025-05-16 03:41:58,436 - training.trainer - INFO - Fold 4 metrics: AUC=0.9949, F1=0.9707
2025-05-16 03:41:58,436 - training.trainer - INFO - Training fold 5/5
2025-05-16 03:42:49,337 - training.trainer - INFO - Fold 5 metrics: AUC=0.9933, F1=0.9675
2025-05-16 03:42:49,897 - training.trainer - INFO - Cross-validation completed. Overall AUC: 0.9926, F1: 0.9690
2025-05-16 03:42:49,899 - training.trainer - INFO - Training final model on all training data
2025-05-16 03:43:31,448 - training.trainer - INFO - Final model evaluation. Test AUC: 0.6318, F1: 0.0909
2025-05-16 03:43:31,451 - root - INFO - Model training and evaluation completed
2025-05-16 03:43:31,451 - root - INFO - Exon detection pipeline completed successfully
2025-05-17 16:45:03,196 - pyswarms.single.global_best - INFO - Optimize for 20 iters with {'c1': 0.5, 'c2': 0.3, 'w': 0.9}
2025-05-17 16:47:57,795 - model.optimizer - INFO - Particle 1/10 evaluated with fitness 0.5000
2025-05-17 16:53:10,942 - model.optimizer - INFO - Particle 2/10 evaluated with fitness 0.9582
2025-05-17 16:57:05,157 - model.optimizer - INFO - Particle 3/10 evaluated with fitness 0.5000
2025-05-17 16:58:45,989 - model.optimizer - INFO - Particle 4/10 evaluated with fitness 0.9505
2025-05-17 17:08:56,996 - model.optimizer - INFO - Particle 5/10 evaluated with fitness 0.5004
2025-05-17 17:16:06,099 - model.optimizer - INFO - Particle 6/10 evaluated with fitness 0.5005
2025-05-17 17:18:27,345 - model.optimizer - INFO - Particle 7/10 evaluated with fitness 0.5000
2025-05-17 17:20:29,032 - model.optimizer - INFO - Particle 8/10 evaluated with fitness 0.5000
2025-05-17 17:25:45,307 - model.optimizer - INFO - Particle 9/10 evaluated with fitness 0.5000
2025-05-17 17:28:07,395 - model.optimizer - INFO - Particle 10/10 evaluated with fitness 0.5004
2025-05-17 17:31:56,696 - model.optimizer - INFO - Particle 1/10 evaluated with fitness 0.5000
2025-05-17 17:34:00,630 - model.optimizer - INFO - Particle 2/10 evaluated with fitness 0.9487
2025-05-17 17:39:04,163 - model.optimizer - INFO - Particle 3/10 evaluated with fitness 0.5000
2025-05-17 17:40:34,951 - model.optimizer - INFO - Particle 4/10 evaluated with fitness 0.5000
2025-05-17 17:48:00,118 - model.optimizer - INFO - Particle 5/10 evaluated with fitness 0.5008
2025-05-17 17:55:05,665 - model.optimizer - INFO - Particle 6/10 evaluated with fitness 0.6366
2025-05-17 17:58:51,265 - model.optimizer - INFO - Particle 7/10 evaluated with fitness 0.9432
2025-05-17 18:05:40,198 - model.optimizer - INFO - Particle 8/10 evaluated with fitness 0.5017
2025-05-17 18:07:36,655 - model.optimizer - INFO - Particle 9/10 evaluated with fitness 0.5006
2025-05-17 18:11:25,104 - model.optimizer - INFO - Particle 10/10 evaluated with fitness 0.9598
2025-05-17 18:16:45,796 - model.optimizer - INFO - Particle 1/10 evaluated with fitness 0.7750
2025-05-17 18:23:46,213 - model.optimizer - INFO - Particle 2/10 evaluated with fitness 0.5000
2025-05-17 18:27:25,198 - model.optimizer - INFO - Particle 3/10 evaluated with fitness 0.6389
2025-05-17 18:29:32,057 - model.optimizer - INFO - Particle 4/10 evaluated with fitness 0.8703
2025-05-17 18:33:47,044 - model.optimizer - INFO - Particle 5/10 evaluated with fitness 0.5013
2025-05-17 18:35:53,259 - model.optimizer - INFO - Particle 6/10 evaluated with fitness 0.7743
2025-05-17 18:40:25,951 - model.optimizer - INFO - Particle 7/10 evaluated with fitness 0.7944
2025-05-17 18:42:35,102 - model.optimizer - INFO - Particle 8/10 evaluated with fitness 0.5000
2025-05-17 18:44:15,448 - model.optimizer - INFO - Particle 9/10 evaluated with fitness 0.5898
2025-05-17 18:48:39,189 - model.optimizer - INFO - Particle 10/10 evaluated with fitness 0.9533
2025-05-17 18:53:12,887 - model.optimizer - INFO - Particle 1/10 evaluated with fitness 0.5008
2025-05-17 18:55:04,015 - model.optimizer - INFO - Particle 2/10 evaluated with fitness 0.5000
2025-05-17 18:58:02,687 - model.optimizer - INFO - Particle 3/10 evaluated with fitness 0.5005
2025-05-17 18:59:54,984 - model.optimizer - INFO - Particle 4/10 evaluated with fitness 0.6436
2025-05-17 19:04:05,683 - model.optimizer - INFO - Particle 5/10 evaluated with fitness 0.5008
2025-05-17 19:06:40,812 - model.optimizer - INFO - Particle 6/10 evaluated with fitness 0.9141
2025-05-17 19:09:15,177 - model.optimizer - INFO - Particle 7/10 evaluated with fitness 0.5005
2025-05-17 19:11:26,631 - model.optimizer - INFO - Particle 8/10 evaluated with fitness 0.5007
2025-05-17 19:15:05,887 - model.optimizer - INFO - Particle 9/10 evaluated with fitness 0.9347
2025-05-17 19:17:27,144 - model.optimizer - INFO - Particle 10/10 evaluated with fitness 0.9564
2025-05-17 19:23:59,111 - model.optimizer - INFO - Particle 1/10 evaluated with fitness 0.5005
2025-05-17 19:25:36,653 - model.optimizer - INFO - Particle 2/10 evaluated with fitness 0.5009
2025-05-17 19:28:18,293 - model.optimizer - INFO - Particle 3/10 evaluated with fitness 0.5000
2025-05-17 19:30:26,874 - model.optimizer - INFO - Particle 4/10 evaluated with fitness 0.6442
2025-05-17 19:33:56,568 - model.optimizer - INFO - Particle 5/10 evaluated with fitness 0.5003
2025-05-17 19:42:03,993 - model.optimizer - INFO - Particle 6/10 evaluated with fitness 0.5013
2025-05-17 19:46:51,349 - model.optimizer - INFO - Particle 7/10 evaluated with fitness 0.5003
2025-05-17 19:52:10,854 - model.optimizer - INFO - Particle 8/10 evaluated with fitness 0.5003
2025-05-17 19:58:37,784 - model.optimizer - INFO - Particle 9/10 evaluated with fitness 0.5000
2025-05-17 20:01:58,447 - model.optimizer - INFO - Particle 10/10 evaluated with fitness 0.5000
2025-05-17 20:15:11,698 - model.optimizer - INFO - Particle 1/10 evaluated with fitness 0.6488
2025-05-17 20:17:57,728 - model.optimizer - INFO - Particle 2/10 evaluated with fitness 0.5008
2025-05-17 20:22:13,932 - model.optimizer - INFO - Particle 3/10 evaluated with fitness 0.9558
2025-05-17 20:25:24,546 - model.optimizer - INFO - Particle 4/10 evaluated with fitness 0.5012
2025-05-17 20:29:57,543 - model.optimizer - INFO - Particle 5/10 evaluated with fitness 0.5017
2025-05-17 20:34:22,913 - model.optimizer - INFO - Particle 6/10 evaluated with fitness 0.5010
2025-05-17 20:39:28,575 - model.optimizer - INFO - Particle 7/10 evaluated with fitness 0.6426
2025-05-17 20:44:40,752 - model.optimizer - INFO - Particle 8/10 evaluated with fitness 0.9555
2025-05-17 20:48:11,853 - model.optimizer - INFO - Particle 9/10 evaluated with fitness 0.5000
2025-05-17 20:51:38,416 - model.optimizer - INFO - Particle 10/10 evaluated with fitness 0.7729
2025-05-17 21:01:40,177 - model.optimizer - INFO - Particle 1/10 evaluated with fitness 0.5000
2025-05-17 21:03:47,492 - model.optimizer - INFO - Particle 2/10 evaluated with fitness 0.5006
2025-05-17 21:06:41,517 - model.optimizer - INFO - Particle 3/10 evaluated with fitness 0.5008
2025-05-17 21:09:17,226 - model.optimizer - INFO - Particle 4/10 evaluated with fitness 0.9361
2025-05-17 21:12:45,681 - model.optimizer - INFO - Particle 5/10 evaluated with fitness 0.6335
2025-05-17 21:20:38,909 - model.optimizer - INFO - Particle 6/10 evaluated with fitness 0.5003
2025-05-17 21:22:20,626 - model.optimizer - INFO - Particle 7/10 evaluated with fitness 0.5024
2025-05-17 21:24:28,896 - model.optimizer - INFO - Particle 8/10 evaluated with fitness 0.5008
2025-05-17 21:29:00,788 - model.optimizer - INFO - Particle 9/10 evaluated with fitness 0.5005
2025-05-17 21:32:28,575 - model.optimizer - INFO - Particle 10/10 evaluated with fitness 0.6362
2025-05-17 21:39:33,257 - model.optimizer - INFO - Particle 1/10 evaluated with fitness 0.5030
2025-05-17 21:47:39,421 - model.optimizer - INFO - Particle 2/10 evaluated with fitness 0.5000
2025-05-17 21:51:16,623 - model.optimizer - INFO - Particle 3/10 evaluated with fitness 0.5005
2025-05-17 21:52:58,510 - model.optimizer - INFO - Particle 4/10 evaluated with fitness 0.5017
2025-05-17 21:56:21,428 - model.optimizer - INFO - Particle 5/10 evaluated with fitness 0.5008
2025-05-17 22:04:08,697 - model.optimizer - INFO - Particle 6/10 evaluated with fitness 0.5000
2025-05-17 22:07:23,505 - model.optimizer - INFO - Particle 7/10 evaluated with fitness 0.9514
2025-05-17 22:11:06,896 - model.optimizer - INFO - Particle 8/10 evaluated with fitness 0.5008
2025-05-17 22:21:28,477 - model.optimizer - INFO - Particle 9/10 evaluated with fitness 0.5008
2025-05-17 22:24:52,035 - model.optimizer - INFO - Particle 10/10 evaluated with fitness 0.5011
2025-05-17 22:31:09,693 - model.optimizer - INFO - Particle 1/10 evaluated with fitness 0.5005
2025-05-17 22:33:23,746 - model.optimizer - INFO - Particle 2/10 evaluated with fitness 0.5008
2025-05-17 22:36:25,891 - model.optimizer - INFO - Particle 3/10 evaluated with fitness 0.5015
2025-05-17 22:43:34,195 - model.optimizer - INFO - Particle 4/10 evaluated with fitness 0.9550
2025-05-17 22:46:25,819 - model.optimizer - INFO - Particle 5/10 evaluated with fitness 0.5005
2025-05-17 22:52:38,523 - model.optimizer - INFO - Particle 6/10 evaluated with fitness 0.6364
2025-05-17 22:57:00,077 - model.optimizer - INFO - Particle 7/10 evaluated with fitness 0.5008
2025-05-17 23:00:33,777 - model.optimizer - INFO - Particle 8/10 evaluated with fitness 0.5006
2025-05-17 23:04:13,885 - model.optimizer - INFO - Particle 9/10 evaluated with fitness 0.5008
2025-05-17 23:08:10,779 - model.optimizer - INFO - Particle 10/10 evaluated with fitness 0.6463
2025-05-17 23:10:35,748 - model.optimizer - INFO - Particle 1/10 evaluated with fitness 0.7793
2025-05-17 23:16:57,163 - model.optimizer - INFO - Particle 2/10 evaluated with fitness 0.5000
2025-05-17 23:20:38,547 - model.optimizer - INFO - Particle 3/10 evaluated with fitness 0.5000
2025-05-17 23:25:42,281 - model.optimizer - INFO - Particle 4/10 evaluated with fitness 0.7571
2025-05-17 23:29:20,546 - model.optimizer - INFO - Particle 5/10 evaluated with fitness 0.6311
2025-05-17 23:31:56,949 - model.optimizer - INFO - Particle 6/10 evaluated with fitness 0.7739
2025-05-17 23:38:44,157 - model.optimizer - INFO - Particle 7/10 evaluated with fitness 0.6268
2025-05-17 23:43:01,699 - model.optimizer - INFO - Particle 8/10 evaluated with fitness 0.5000
2025-05-17 23:44:55,104 - model.optimizer - INFO - Particle 9/10 evaluated with fitness 0.5008
2025-05-17 23:48:40,899 - model.optimizer - INFO - Particle 10/10 evaluated with fitness 0.9576
2025-05-17 23:51:51,072 - model.optimizer - INFO - Particle 1/10 evaluated with fitness 0.5005
2025-05-17 23:55:16,294 - model.optimizer - INFO - Particle 2/10 evaluated with fitness 0.5000
2025-05-18 00:00:57,743 - model.optimizer - INFO - Particle 3/10 evaluated with fitness 0.5003
2025-05-18 00:04:45,173 - model.optimizer - INFO - Particle 4/10 evaluated with fitness 0.6400
2025-05-18 00:07:39,054 - model.optimizer - INFO - Particle 5/10 evaluated with fitness 0.6357
2025-05-18 00:09:01,108 - model.optimizer - INFO - Particle 6/10 evaluated with fitness 0.5000
2025-05-18 00:12:32,762 - model.optimizer - INFO - Particle 7/10 evaluated with fitness 0.5003
2025-05-18 00:14:53,046 - model.optimizer - INFO - Particle 8/10 evaluated with fitness 0.5003
2025-05-18 00:16:28,215 - model.optimizer - INFO - Particle 9/10 evaluated with fitness 0.5008
2025-05-18 00:18:27,582 - model.optimizer - INFO - Particle 10/10 evaluated with fitness 0.5008
2025-05-18 00:21:08,825 - model.optimizer - INFO - Particle 1/10 evaluated with fitness 0.5001
2025-05-18 00:23:21,144 - model.optimizer - INFO - Particle 2/10 evaluated with fitness 0.7838
2025-05-18 00:26:14,205 - model.optimizer - INFO - Particle 3/10 evaluated with fitness 0.5008
2025-05-18 00:28:45,582 - model.optimizer - INFO - Particle 4/10 evaluated with fitness 0.5000
2025-05-18 00:32:55,536 - model.optimizer - INFO - Particle 5/10 evaluated with fitness 0.9591
2025-05-18 00:35:23,770 - model.optimizer - INFO - Particle 6/10 evaluated with fitness 0.5001
2025-05-18 00:41:41,063 - model.optimizer - INFO - Particle 7/10 evaluated with fitness 0.5000
2025-05-18 00:45:12,036 - model.optimizer - INFO - Particle 8/10 evaluated with fitness 0.6296
2025-05-18 00:47:46,503 - model.optimizer - INFO - Particle 9/10 evaluated with fitness 0.9361
2025-05-18 00:50:44,019 - model.optimizer - INFO - Particle 10/10 evaluated with fitness 0.9145
2025-05-18 00:53:04,670 - model.optimizer - INFO - Particle 1/10 evaluated with fitness 0.7781
2025-05-18 00:55:17,918 - model.optimizer - INFO - Particle 2/10 evaluated with fitness 0.5000
2025-05-18 00:58:45,811 - model.optimizer - INFO - Particle 3/10 evaluated with fitness 0.5003
2025-05-18 01:01:13,865 - model.optimizer - INFO - Particle 4/10 evaluated with fitness 0.6416
2025-05-18 01:04:27,659 - model.optimizer - INFO - Particle 5/10 evaluated with fitness 0.5000
2025-05-18 01:11:33,977 - model.optimizer - INFO - Particle 6/10 evaluated with fitness 0.5008
2025-05-18 01:14:39,494 - model.optimizer - INFO - Particle 7/10 evaluated with fitness 0.5000
2025-05-18 01:17:56,481 - model.optimizer - INFO - Particle 8/10 evaluated with fitness 0.5000
2025-05-18 01:21:32,494 - model.optimizer - INFO - Particle 9/10 evaluated with fitness 0.6422
2025-05-18 01:24:43,022 - model.optimizer - INFO - Particle 10/10 evaluated with fitness 0.5000
2025-05-18 01:29:21,609 - model.optimizer - INFO - Particle 1/10 evaluated with fitness 0.5005
2025-05-18 01:35:43,050 - model.optimizer - INFO - Particle 2/10 evaluated with fitness 0.9585
2025-05-18 01:39:08,248 - model.optimizer - INFO - Particle 3/10 evaluated with fitness 0.5000
2025-05-18 01:40:52,768 - model.optimizer - INFO - Particle 4/10 evaluated with fitness 0.5000
2025-05-18 01:45:07,912 - model.optimizer - INFO - Particle 5/10 evaluated with fitness 0.6451
2025-05-18 01:48:47,667 - model.optimizer - INFO - Particle 6/10 evaluated with fitness 0.5004
2025-05-18 01:50:28,178 - model.optimizer - INFO - Particle 7/10 evaluated with fitness 0.5000
2025-05-18 01:54:12,844 - model.optimizer - INFO - Particle 8/10 evaluated with fitness 0.5000
2025-05-18 01:57:18,558 - model.optimizer - INFO - Particle 9/10 evaluated with fitness 0.5007
2025-05-18 02:00:18,674 - model.optimizer - INFO - Particle 10/10 evaluated with fitness 0.5000
2025-05-18 02:07:18,144 - model.optimizer - INFO - Particle 1/10 evaluated with fitness 0.5008
2025-05-18 02:12:47,255 - model.optimizer - INFO - Particle 2/10 evaluated with fitness 0.6326
2025-05-18 02:16:02,077 - model.optimizer - INFO - Particle 3/10 evaluated with fitness 0.5000
2025-05-18 02:19:12,237 - model.optimizer - INFO - Particle 4/10 evaluated with fitness 0.5000
2025-05-18 02:23:14,184 - model.optimizer - INFO - Particle 5/10 evaluated with fitness 0.5013
2025-05-18 02:30:51,250 - model.optimizer - INFO - Particle 6/10 evaluated with fitness 0.5000
2025-05-18 02:33:51,428 - model.optimizer - INFO - Particle 7/10 evaluated with fitness 0.5000
2025-05-18 02:37:17,781 - model.optimizer - INFO - Particle 8/10 evaluated with fitness 0.5004
2025-05-18 02:41:31,737 - model.optimizer - INFO - Particle 9/10 evaluated with fitness 0.5007
2025-05-18 02:44:53,527 - model.optimizer - INFO - Particle 10/10 evaluated with fitness 0.5005
2025-05-18 02:54:43,486 - model.optimizer - INFO - Particle 1/10 evaluated with fitness 0.5006
2025-05-18 03:01:33,666 - model.optimizer - INFO - Particle 2/10 evaluated with fitness 0.5003
2025-05-18 03:04:38,588 - model.optimizer - INFO - Particle 3/10 evaluated with fitness 0.5000
2025-05-18 03:07:18,578 - model.optimizer - INFO - Particle 4/10 evaluated with fitness 0.7753
2025-05-18 03:11:08,893 - model.optimizer - INFO - Particle 5/10 evaluated with fitness 0.5005
2025-05-18 03:16:16,538 - model.optimizer - INFO - Particle 6/10 evaluated with fitness 0.5015
2025-05-18 03:20:12,082 - model.optimizer - INFO - Particle 7/10 evaluated with fitness 0.9526
2025-05-18 03:25:43,181 - model.optimizer - INFO - Particle 8/10 evaluated with fitness 0.5000
2025-05-18 03:30:10,564 - model.optimizer - INFO - Particle 9/10 evaluated with fitness 0.5000
2025-05-18 03:33:52,956 - model.optimizer - INFO - Particle 10/10 evaluated with fitness 0.5000
2025-05-18 03:39:22,317 - model.optimizer - INFO - Particle 1/10 evaluated with fitness 0.5000
2025-05-18 03:42:35,037 - model.optimizer - INFO - Particle 2/10 evaluated with fitness 0.5003
2025-05-18 03:45:25,930 - model.optimizer - INFO - Particle 3/10 evaluated with fitness 0.5008
2025-05-18 03:47:25,369 - model.optimizer - INFO - Particle 4/10 evaluated with fitness 0.5017
2025-05-18 03:50:31,514 - model.optimizer - INFO - Particle 5/10 evaluated with fitness 0.5000
2025-05-18 03:53:55,910 - model.optimizer - INFO - Particle 6/10 evaluated with fitness 0.7816
2025-05-18 03:56:25,886 - model.optimizer - INFO - Particle 7/10 evaluated with fitness 0.6449
2025-05-18 04:00:29,458 - model.optimizer - INFO - Particle 8/10 evaluated with fitness 0.5007
2025-05-18 04:05:41,945 - model.optimizer - INFO - Particle 9/10 evaluated with fitness 0.6345
2025-05-18 04:09:44,406 - model.optimizer - INFO - Particle 10/10 evaluated with fitness 0.6511
2025-05-18 04:15:01,608 - model.optimizer - INFO - Particle 1/10 evaluated with fitness 0.5000
2025-05-18 04:20:02,788 - model.optimizer - INFO - Particle 2/10 evaluated with fitness 0.5017
2025-05-18 04:24:05,209 - model.optimizer - INFO - Particle 3/10 evaluated with fitness 0.8018
2025-05-18 04:27:31,038 - model.optimizer - INFO - Particle 4/10 evaluated with fitness 0.5000
2025-05-18 04:30:28,860 - model.optimizer - INFO - Particle 5/10 evaluated with fitness 0.5002
2025-05-18 04:35:30,739 - model.optimizer - INFO - Particle 6/10 evaluated with fitness 0.5000
2025-05-18 04:38:51,807 - model.optimizer - INFO - Particle 7/10 evaluated with fitness 0.5017
2025-05-18 04:44:26,515 - model.optimizer - INFO - Particle 8/10 evaluated with fitness 0.6501
2025-05-18 04:47:14,633 - model.optimizer - INFO - Particle 9/10 evaluated with fitness 0.6344
2025-05-18 04:50:10,259 - model.optimizer - INFO - Particle 10/10 evaluated with fitness 0.5008
2025-05-18 04:57:01,849 - model.optimizer - INFO - Particle 1/10 evaluated with fitness 0.9154
2025-05-18 05:00:51,438 - model.optimizer - INFO - Particle 2/10 evaluated with fitness 0.6331
2025-05-18 05:03:52,447 - model.optimizer - INFO - Particle 3/10 evaluated with fitness 0.5003
2025-05-18 05:09:34,997 - model.optimizer - INFO - Particle 4/10 evaluated with fitness 0.5001
2025-05-18 05:12:42,085 - model.optimizer - INFO - Particle 5/10 evaluated with fitness 0.5017
2025-05-18 05:16:52,352 - model.optimizer - INFO - Particle 6/10 evaluated with fitness 0.9228
2025-05-18 05:21:23,616 - model.optimizer - INFO - Particle 7/10 evaluated with fitness 0.6366
2025-05-18 05:24:51,669 - model.optimizer - INFO - Particle 8/10 evaluated with fitness 0.5000
2025-05-18 05:27:13,528 - model.optimizer - INFO - Particle 9/10 evaluated with fitness 0.6361
2025-05-18 05:30:47,722 - model.optimizer - INFO - Particle 10/10 evaluated with fitness 0.5025
2025-05-18 05:36:49,122 - model.optimizer - INFO - Particle 1/10 evaluated with fitness 0.5000
2025-05-18 05:39:33,702 - model.optimizer - INFO - Particle 2/10 evaluated with fitness 0.6408
2025-05-18 05:42:33,382 - model.optimizer - INFO - Particle 3/10 evaluated with fitness 0.5007
2025-05-18 05:48:00,502 - model.optimizer - INFO - Particle 4/10 evaluated with fitness 0.5008
2025-05-18 05:50:58,148 - model.optimizer - INFO - Particle 5/10 evaluated with fitness 0.5012
2025-05-18 05:53:38,803 - model.optimizer - INFO - Particle 6/10 evaluated with fitness 0.7705
2025-05-18 05:58:52,744 - model.optimizer - INFO - Particle 7/10 evaluated with fitness 0.5000
2025-05-18 06:02:35,238 - model.optimizer - INFO - Particle 8/10 evaluated with fitness 0.5001
2025-05-18 06:04:37,882 - model.optimizer - INFO - Particle 9/10 evaluated with fitness 0.7508
2025-05-18 06:07:34,199 - model.optimizer - INFO - Particle 10/10 evaluated with fitness 0.5007
2025-05-18 06:07:34,205 - pyswarms.single.global_best - INFO - Optimization finished | best cost: -0.9597597718238831, best pos: [2.51236384e+00 1.04591175e+02 5.42822762e+01 3.23147328e+01
 7.17043714e+00 7.26160601e+00 8.85361625e+00 3.35708549e+00
 3.37136708e+00 2.20422223e+00 1.09220524e+02 4.73903951e-01
 1.46514374e-03]
2025-05-18 06:07:34,205 - model.optimizer - INFO - PSO optimization completed. Best AUC: 0.9598
2025-05-18 06:07:34,206 - model.optimizer - INFO - Best parameters: {'n_conv_layers': 2, 'filters': [104, 54], 'kernel_sizes': [7, 7], 'pool_sizes': [3, 3], 'dense_units': [109], 'dropout_rate': 0.4739039510987195, 'learning_rate': 0.0014651437389923388}
2025-05-18 06:07:34,210 - root - INFO - PSO optimization completed. Best AUC: 0.9598
2025-05-18 06:07:34,210 - root - INFO - Best parameters: {'n_conv_layers': 2, 'filters': [104, 54], 'kernel_sizes': [7, 7], 'pool_sizes': [3, 3], 'dense_units': [109], 'dropout_rate': 0.4739039510987195, 'learning_rate': 0.0014651437389923388}
2025-05-18 06:07:34,211 - root - INFO - Training and evaluating model
2025-05-18 06:07:34,211 - training.trainer - INFO - Starting 5-fold cross-validation
2025-05-18 06:07:34,213 - training.trainer - INFO - Training fold 1/5
2025-05-18 06:10:24,434 - training.trainer - INFO - Fold 1 metrics: AUC=0.9645, F1=0.9107
2025-05-18 06:10:24,436 - training.trainer - INFO - Training fold 2/5
2025-05-18 06:12:50,522 - training.trainer - INFO - Fold 2 metrics: AUC=0.9637, F1=0.9133
2025-05-18 06:12:50,526 - training.trainer - INFO - Training fold 3/5
2025-05-18 06:15:36,525 - training.trainer - INFO - Fold 3 metrics: AUC=0.9595, F1=0.8993
2025-05-18 06:15:36,526 - training.trainer - INFO - Training fold 4/5
2025-05-18 06:18:11,644 - training.trainer - INFO - Fold 4 metrics: AUC=0.9618, F1=0.9044
2025-05-18 06:18:11,646 - training.trainer - INFO - Training fold 5/5
2025-05-18 06:20:48,449 - training.trainer - INFO - Fold 5 metrics: AUC=0.9631, F1=0.9053
2025-05-18 06:20:49,078 - training.trainer - INFO - Cross-validation completed. Overall AUC: 0.9587, F1: 0.9067
2025-05-18 06:20:49,087 - training.trainer - INFO - Training final model on all training data
2025-05-18 06:23:02,919 - training.trainer - INFO - Final model evaluation. Test AUC: 0.7844, F1: 0.4876
2025-05-18 06:23:02,921 - root - INFO - Model training and evaluation completed
2025-05-18 06:23:02,922 - root - INFO - Exon detection pipeline completed successfully
